<?xml version="1.0" encoding="UTF-8"?>
<testng-results ignored="0" total="3" passed="3" failed="0" skipped="0">
  <reporter-output>
  </reporter-output>
  <suite started-at="2023-03-17T11:41:22 EDT" name="Suite" finished-at="2023-03-17T11:41:22 EDT" duration-ms="39">
    <groups>
    </groups>
    <test started-at="2023-03-17T11:41:22 EDT" name="Test" finished-at="2023-03-17T11:41:22 EDT" duration-ms="39">
      <class name="TestPackage.BasicsOFTestNG2">
        <test-method signature="good()[pri:0, instance:TestPackage.BasicsOFTestNG2@75329a49]" started-at="2023-03-17T11:41:22 EDT" name="good" finished-at="2023-03-17T11:41:22 EDT" duration-ms="2" status="PASS">
          <reporter-output>
          </reporter-output>
        </test-method> <!-- good -->
      </class> <!-- TestPackage.BasicsOFTestNG2 -->
      <class name="TestPackage.BasicsOfTestNG">
        <test-method signature="hello()[pri:0, instance:TestPackage.BasicsOfTestNG@1ffe63b9]" started-at="2023-03-17T11:41:22 EDT" name="hello" finished-at="2023-03-17T11:41:22 EDT" duration-ms="9" status="PASS">
          <reporter-output>
          </reporter-output>
        </test-method> <!-- hello -->
        <test-method signature="hi()[pri:0, instance:TestPackage.BasicsOfTestNG@1ffe63b9]" started-at="2023-03-17T11:41:22 EDT" name="hi" finished-at="2023-03-17T11:41:22 EDT" duration-ms="1" status="PASS">
          <reporter-output>
          </reporter-output>
        </test-method> <!-- hi -->
      </class> <!-- TestPackage.BasicsOfTestNG -->
    </test> <!-- Test -->
  </suite> <!-- Suite -->
</testng-results>
