<?xml version="1.0" encoding="UTF-8"?>
<!-- Generated by org.testng.reporters.JUnitXMLReporter -->
<testsuite ignored="0" hostname="LAPTOP-35MR1O66" failures="0" tests="3" name="Test" time="0.039" errors="0" timestamp="2023-03-17T11:41:23 EDT">
  <testcase classname="TestPackage.BasicsOfTestNG" name="hello" time="0.009"/>
  <testcase classname="TestPackage.BasicsOfTestNG" name="hi" time="0.001"/>
  <testcase classname="TestPackage.BasicsOFTestNG2" name="good" time="0.002"/>
</testsuite> <!-- Test -->
