<?xml version="1.0" encoding="UTF-8"?>
<testng-results ignored="0" total="1" passed="1" failed="0" skipped="0">
  <reporter-output>
  </reporter-output>
  <suite started-at="2023-04-18T10:24:55 EDT" name="Default suite" finished-at="2023-04-18T10:25:04 EDT" duration-ms="9541">
    <groups>
    </groups>
    <test started-at="2023-04-18T10:24:55 EDT" name="Default test" finished-at="2023-04-18T10:25:04 EDT" duration-ms="9541">
      <class name="SelenniumFramework.SeleniumFrameworkDesign.FirstTest">
        <test-method signature="shouldAnswerWithTrue()[pri:0, instance:SelenniumFramework.SeleniumFrameworkDesign.FirstTest@1afd44cb]" started-at="2023-04-18T10:24:55 EDT" name="shouldAnswerWithTrue" finished-at="2023-04-18T10:25:04 EDT" duration-ms="9516" status="PASS">
          <reporter-output>
          </reporter-output>
        </test-method> <!-- shouldAnswerWithTrue -->
      </class> <!-- SelenniumFramework.SeleniumFrameworkDesign.FirstTest -->
    </test> <!-- Default test -->
  </suite> <!-- Default suite -->
</testng-results>
